<?xml version="1.0" encoding="UTF-8"?>
<!-- Generated by org.testng.reporters.JUnitXMLReporter -->
<testsuite ignored="2" hostname="DESKTOP-OMOB6BM" failures="0" tests="2" name="Test" time="62.274" errors="0" timestamp="2023-10-18T15:47:46 IST">
  <testcase classname="OrganizationTests.CreateOrganizationTest" name="createOrgTest" time="17.742"/>
  <testcase classname="OrganizationTests.CreateOrganizationWithIndustryTest" name="createOrgWithIndustryTest" time="16.229"/>
  <testcase classname="GenericUtilities.BaseClass" name="@BeforeSuite bsconfig" time="0.0">
    <ignored/>
  </testcase> <!-- @BeforeSuite bsconfig -->
  <testcase classname="GenericUtilities.BaseClass" name="@AfterSuite asconfig" time="0.0">
    <ignored/>
  </testcase> <!-- @AfterSuite asconfig -->
</testsuite> <!-- Test -->
